gcc -c rngs.c -g  -Wall -fpic -coverage -lm
rngs.c: In function ‘TestRandom’:
rngs.c:161:10: warning: variable ‘u’ set but not used [-Wunused-but-set-variable]
   double u;
          ^
gcc -c dominion.c -g  -Wall -fpic -coverage -lm
gcc -o playdom playdom.c -g dominion.o rngs.o -Wall -fpic -coverage -lm
gcc -c interface.c -g  -Wall -fpic -coverage -lm
gcc -o player player.c -g  dominion.o rngs.o interface.o -Wall -fpic -coverage -lm
player.c: In function ‘main2’:
player.c:30:1: warning: control reaches end of non-void function [-Wreturn-type]
 }
 ^
gcc -o testDrawCard -g  testDrawCard.c dominion.o rngs.o -Wall -fpic -coverage -lm
testDrawCard.c: In function ‘main’:
testDrawCard.c:60:7: warning: implicit declaration of function ‘floor’ [-Wimplicit-function-declaration]
       ((char*)&G)[i] = floor(Random() * 256);
       ^
testDrawCard.c:60:24: warning: incompatible implicit declaration of built-in function ‘floor’ [enabled by default]
       ((char*)&G)[i] = floor(Random() * 256);
                        ^
testDrawCard.c:62:9: warning: incompatible implicit declaration of built-in function ‘floor’ [enabled by default]
     p = floor(Random() * 2);
         ^
testDrawCard.c:71:3: warning: implicit declaration of function ‘exit’ [-Wimplicit-function-declaration]
   exit(0);
   ^
testDrawCard.c:71:3: warning: incompatible implicit declaration of built-in function ‘exit’ [enabled by default]
testDrawCard.c:44:13: warning: variable ‘r’ set but not used [-Wunused-but-set-variable]
   int i, n, r, p, deckCount, discardCount, handCount;
             ^
testDrawCard.c: In function ‘checkDrawCard’:
testDrawCard.c:40:1: warning: control reaches end of non-void function [-Wreturn-type]
 }
 ^
gcc -o testDrawCard -g  testDrawCard.c dominion.o rngs.o -Wall -fpic -coverage -lm
testDrawCard.c: In function ‘main’:
testDrawCard.c:60:7: warning: implicit declaration of function ‘floor’ [-Wimplicit-function-declaration]
       ((char*)&G)[i] = floor(Random() * 256);
       ^
testDrawCard.c:60:24: warning: incompatible implicit declaration of built-in function ‘floor’ [enabled by default]
       ((char*)&G)[i] = floor(Random() * 256);
                        ^
testDrawCard.c:62:9: warning: incompatible implicit declaration of built-in function ‘floor’ [enabled by default]
     p = floor(Random() * 2);
         ^
testDrawCard.c:71:3: warning: implicit declaration of function ‘exit’ [-Wimplicit-function-declaration]
   exit(0);
   ^
testDrawCard.c:71:3: warning: incompatible implicit declaration of built-in function ‘exit’ [enabled by default]
testDrawCard.c:44:13: warning: variable ‘r’ set but not used [-Wunused-but-set-variable]
   int i, n, r, p, deckCount, discardCount, handCount;
             ^
testDrawCard.c: In function ‘checkDrawCard’:
testDrawCard.c:40:1: warning: control reaches end of non-void function [-Wreturn-type]
 }
 ^
gcc -o badTestDrawCard -g  badTestDrawCard.c dominion.o rngs.o -Wall -fpic -coverage -lm
badTestDrawCard.c: In function ‘checkDrawCard’:
badTestDrawCard.c:12:7: warning: variable ‘r’ set but not used [-Wunused-but-set-variable]
   int r;
       ^
badTestDrawCard.c: In function ‘main’:
badTestDrawCard.c:35:7: warning: implicit declaration of function ‘floor’ [-Wimplicit-function-declaration]
       ((char*)&G)[i] = floor(Random() * 256);
       ^
badTestDrawCard.c:35:24: warning: incompatible implicit declaration of built-in function ‘floor’ [enabled by default]
       ((char*)&G)[i] = floor(Random() * 256);
                        ^
badTestDrawCard.c:37:9: warning: incompatible implicit declaration of built-in function ‘floor’ [enabled by default]
     p = floor(Random() * 1000);
         ^
badTestDrawCard.c:43:3: warning: implicit declaration of function ‘exit’ [-Wimplicit-function-declaration]
   exit(0);
   ^
badTestDrawCard.c:43:3: warning: incompatible implicit declaration of built-in function ‘exit’ [enabled by default]
badTestDrawCard.c:21:7: warning: unused variable ‘k’ [-Wunused-variable]
   int k[10] = {adventurer, council_room, feast, gardens, mine,
       ^
badTestDrawCard.c:19:44: warning: unused variable ‘handCount’ [-Wunused-variable]
   int i, n, r, p, deckCount, discardCount, handCount;
                                            ^
badTestDrawCard.c:19:30: warning: unused variable ‘discardCount’ [-Wunused-variable]
   int i, n, r, p, deckCount, discardCount, handCount;
                              ^
badTestDrawCard.c:19:19: warning: unused variable ‘deckCount’ [-Wunused-variable]
   int i, n, r, p, deckCount, discardCount, handCount;
                   ^
badTestDrawCard.c:19:13: warning: unused variable ‘r’ [-Wunused-variable]
   int i, n, r, p, deckCount, discardCount, handCount;
             ^
badTestDrawCard.c: In function ‘checkDrawCard’:
badTestDrawCard.c:15:1: warning: control reaches end of non-void function [-Wreturn-type]
 }
 ^
